<?xml version="1.0" encoding="UTF-8"?>
<testsuite xmlns:xsi="http://www.w3.org/2001/XMLSchema-instance" xsi:noNamespaceSchemaLocation="https://maven.apache.org/surefire/maven-surefire-plugin/xsd/surefire-test-report-3.0.xsd" version="3.0" name="com.quantity.UC5_QuantityMeasurementAppTest" time="0.29" tests="7" errors="0" skipped="0" failures="0">
  <properties>
[...]
</properties>
  <testcase name="testSameUnit" classname="com.quantity.UC5_QuantityMeasurementAppTest" time="0.087"/>
  <testcase name="testNullUnit" classname="com.quantity.UC5_QuantityMeasurementAppTest" time="0.005"/>
  <testcase name="testYardToInch" classname="com.quantity.UC5_QuantityMeasurementAppTest" time="0.003"/>
  <testcase name="testInchToFeet" classname="com.quantity.UC5_QuantityMeasurementAppTest" time="0.016"/>
  <testcase name="testFeetToInch" classname="com.quantity.UC5_QuantityMeasurementAppTest" time="0.011"/>
  <testcase name="testInvalidValue" classname="com.quantity.UC5_QuantityMeasurementAppTest" time="0.012"/>
  <testcase name="testCmToFeet" classname="com.quantity.UC5_QuantityMeasurementAppTest" time="0.002"/>
</testsuite>